**** **** **** **** **** **** **** **** **** **** **** 
*jsim control file for cadence by kameda@cq.jp.nec.com
**** **** **** **** **** **** **** **** **** **** ****

*jsim model
**hstp**
.model jjmod jj(rtype=1, vg=2.8mv, cap=0.064pf, r0=100ohm, rn=17ohm, icrit=0.1ma)
**open**
*.model jjmod jj(rtype=1, vg=2.8mv, cap=0.218pf, r0=200ohm, rn=17ohm, icrit=0.1ma)


*** netlist file ***
**** **** **** **** **** **** **** ****+
*** lib : hstp_ttanaka_lib
*** cell: fulladder_energy
*** view: schematic
*** dec  9 20:46:21 2021
**** **** **** **** **** **** **** ****

*** bfr
.subckt bfr          1          2          3          4          5          6
***         a       din      dout         q       xin      xout
kxout              lx       lout 0.000
kd1                ld         l1 -0.133
kxq                lx         lq 0.000
kdout              ld       lout 0.000
kxd                lx         ld 0.190
kdq                ld         lq 0.000
kd2                ld         l2 -0.133
kx1                lx         l1 -0.186
kx2                lx         l2 -0.186
kout               lq       lout -0.495
ld                 2         3   7.450ph fcheck
lx                 5         6   7.400ph fcheck
lin                1         7   1.230ph fcheck
l1                 7         8   1.590ph fcheck
l2                 9         7   1.590ph fcheck
lout              10         4  31.200ph fcheck
lq                 7         0   7.920ph fcheck
r1                10         0   1.000pohm
b2                 9         0  jjmod area=0.50
b1                 8         0  jjmod area=0.50
.ends

*** branch2
.subckt branch2          1         11         12
***         a         b         c
lip                9        12   0.282ph fcheck
lp2               11        13  11.000ph fcheck
lp1                1        14  11.000ph fcheck
r0                14         9   1.000pohm
r1                13         9   1.000pohm
.ends

*** bias_pair_10um
.subckt bias_pair_10um          1         11         12         15
***         a         b         c         d
l1                12        15   3.730ph fcheck
l0                 1        11   3.460ph fcheck
c6                15         0   0.001pf
c0                11         0   0.001pf
.ends

*** bfrl
.subckt bfrl          1          2          3          4          5          6
***         a       din      dout         q       xin      xout
kxout              lx       lout 0.000
kd1                ld         l1 -0.135
kxq                lx         lq 0.000
kdout              ld       lout 0.000
kxd                lx         ld 0.192
kdq                ld         lq 0.000
kd2                ld         l2 -0.135
kx1                lx         l1 -0.187
kx2                lx         l2 -0.187
kout               lq       lout -0.495
ld                 2         3   7.430ph fcheck
lx                 5         6   7.380ph fcheck
lin                1         7   1.240ph fcheck
l1                 7         8   1.590ph fcheck
l2                 9         7   1.590ph fcheck
lout              10         4  31.100ph fcheck
lq                 7         0   7.920ph fcheck
r1                10         0   1.000pohm
b2                 9         0  jjmod area=1.00
b1                 8         0  jjmod area=1.00
.ends

*** spl2l
.subckt spl2l          1          2          3         16          5          6         17
***         a       din      dout         x       xin      xout         y
xi1           branch2         16         17         18
xi14       bias_pair_10um          5         19          2         20
xi15       bias_pair_10um         21          6         22          3
xi0              bfrl          1         20         22         18         19         21
.ends

*** sink
.subckt sink          1          2          3          5          6
***         a       din      dout       xin      xout
kd1                ld         l1 -0.133
kxq                lx         lq 0.000
kxd                lx         ld 0.190
kdq                ld         lq 0.000
kd2                ld         l2 -0.133
kx1                lx         l1 -0.186
kx2                lx         l2 -0.186
ld                 2         3   7.450ph fcheck
lx                 5         6   7.400ph fcheck
lin                1         7   1.230ph fcheck
l1                 7         8   1.590ph fcheck
l2                 9         7   1.590ph fcheck
lq                 7         0   7.920ph fcheck
b2                 9         0  jjmod area=0.50
b1                 8         0  jjmod area=0.50
.ends

*** branch3
.subckt branch3          1         11         12         15
***         a         b         c         d
lip                9        15   0.312ph fcheck
lp3               12        13  11.800ph fcheck
lp2               11         9  10.200ph fcheck
lp1                1        14  11.800ph fcheck
r0                14         9   1.000pohm
r1                13         9   1.000pohm
.ends

*** maj_bbb
.subckt maj_bbb          1         11         12          2          3          4          5          6
***         a         b         c       din      dout         q       xin      xout
xi3           branch3         18         23         24          4
xi2               bfr         12         25          3         24         22          6
xi1               bfr         11         26         25         23         20         22
xi0               bfr          1          2         26         18          5         20
.ends

*** inv
.subckt inv          1          2          3          4          5          6
***         a       din      dout         q       xin      xout
kxout              lx       lout 0.000
kd1                ld         l1 -0.133
kxq                lx         lq 0.000
kdout              ld       lout 0.000
kxd                lx         ld 0.190
kdq                ld         lq 0.000
kd2                ld         l2 -0.133
kx1                lx         l1 -0.186
kx2                lx         l2 -0.186
kout               lq       lout 0.432
ld                 2         3   7.440ph fcheck
lx                 5         6   7.390ph fcheck
lin                1         7   1.240ph fcheck
l1                 7         8   1.590ph fcheck
l2                 9         7   1.590ph fcheck
lout              10         4  31.000ph fcheck
lq                 7         0   6.490ph fcheck
r1                10         0   1.000pohm
b2                 9         0  jjmod area=0.60
b1                 8         0  jjmod area=0.60
.ends

*** maj_bbi
.subckt maj_bbi          1         11         12          2          3          4          5          6
***         a         b         c       din      dout         q       xin      xout
xi3           branch3         18         21         24          4
xi1               bfr         11         26         23         21         20         22
xi0               bfr          1          2         26         18          5         20
xi2               inv         12         23          3         24         22          6
.ends

*** bias_pair_20um
.subckt bias_pair_20um          1         11         12         15
***         a         b         c         d
xi1        bias_pair_10um         27         11         28         15
xi0        bias_pair_10um          1         27         12         28
.ends

*** spl3l
.subckt spl3l          1          2          3         16          5          6         17         29
***         a       din      dout         x       xin      xout         y         z
xi14       bias_pair_20um          5         19          2         20
xi15       bias_pair_20um         21          6         22          3
xi0              bfrl          1         20         22         18         19         21
xi1           branch3         16         17         29         18
.ends

*** maj_ibb
.subckt maj_ibb          1         11         12          2          3          4          5          6
***         a         b         c       din      dout         q       xin      xout
xi3           branch3         18         23         24          4
xi0               inv          1          2         26         18          5         20
xi2               bfr         12         25          3         24         22          6
xi1               bfr         11         26         25         23         20         22
.ends

*** top cell: fulladder_energy
xi54              bfr         30         31         32         33         34         35
xi53              bfr         36         37         32         30         38         39
xi59              bfr         33         40         41         42         43         39
xi60              bfr         44         45         40         46          0         43
*** ("47") mapped to 0
xi50              bfr         48         49         50         36         51         52
xi49              bfr         53         45         31         44         54         34
xi48              bfr         55         56         37         53         57         38
xi47              bfr         58         59         60         61         62         63
xi46              bfr         64         65         60         58         66         67
xi45              bfr         68         69         70         64         71         63
xi44              bfr         72         73         70         68         74         67
xi43              bfr         75         76         59         77         78         62
xi42              bfr         79         80         65         75         81         66
xi41              bfr         82         83         69         79         84         71
xi40              bfr         85         86         73         82         87         74
xi39              bfr         88         89         76         90         91         78
xi38              bfr         27         92         80         88         93         81
xi31              bfr         94          8         95         96         97         91
xi9               bfr         98         99        100        101        102        103
xi36              bfr        104        105         86        106        107         87
xi61              bfr         96        100         95        108        103         57
xi37              bfr        106         92         83         27        109         84
xi30            spl2l        110         50         99         48        111        102        112
xi32            spl2l         90        113         89        114        115         93        116
xi0             spl2l         61        117          7        118        111        119        120
rac2             121       109  100000.00ohm
rdc              122       105  100000.00ohm
rac1             123       107  100000.00ohm
r3               124        72  1000.00ohm
r2               125        85  1000.00ohm
r1               126       104  1000.00ohm
vac2             121         0  pwl(0ps 0mv)
vdc              122         0  pwl(0ps 0mv)
vac1             123         0  pwl(0ps 0mv)
v3               124         0  pwl(0ps 0mv)
v2               125         0  pwl(0ps 0mv)
v1               126         0  pwl(0ps 0mv)
xi56             sink         42        127         41        128         35
xi55             sink         46          0        127          0        128
*** ("47" "47") mapped to 0
xi35          maj_bbb        118        129        116        117        130        110         52        131
xi4           maj_bbi        120        132        114        130          8         98        131         97
xi34            spl3l         77          7        113        129        119        115        132         94
xi33          maj_ibb        112        101        108         49         56         55         51         54

*** netlist file ***

*** jsim input file ***

*** jsim input file ***
